<?xml version="1.0" encoding="UTF-8"?>
<!-- Generated by org.testng.reporters.JUnitReportReporter -->
<testsuite hostname="jo02mw207" name="com.optimiza.core.admin.test.UserServiceTest" tests="1" failures="0" timestamp="16 May 2017 12:07:09 GMT" time="0.164" errors="0">
  <testcase name="testFindAll" time="0.164" classname="com.optimiza.core.admin.test.UserServiceTest"/>
</testsuite> <!-- com.optimiza.core.admin.test.UserServiceTest -->
